This is pdfTeX, Version 3.14159265-2.6-1.40.16 (TeX Live 2015) (preloaded format=pdflatex 2015.12.10)  28 DEC 2015 02:08
entering extended mode
 restricted \write18 enabled.
 file:line:error style messages enabled.
 %&-line parsing enabled.
**thesis-template.tex
(./thesis-template.tex
LaTeX2e <2015/01/01>
Babel <3.9l> and hyphenation patterns for 79 languages loaded.
(./utastmth.cls
Document Class: utastmth 2012/10/07 v0.8 Tampereen yliopiston tilastotieteen gr
adupohja
\c@part=\count79
\c@chapter=\count80
\c@section=\count81
\c@subsection=\count82
\c@subsubsection=\count83
\c@paragraph=\count84
\c@figure=\count85
\c@table=\count86
\abovecaptionskip=\skip41
\belowcaptionskip=\skip42
\bibindent=\dimen102
) (/usr/local/texlive/2015/texmf-dist/tex/latex/base/inputenc.sty
Package: inputenc 2015/03/17 v1.2c Input encoding file
\inpenc@prehook=\toks14
\inpenc@posthook=\toks15

(/usr/local/texlive/2015/texmf-dist/tex/latex/base/latin1.def
File: latin1.def 2015/03/17 v1.2c Input encoding file
))
(/usr/local/texlive/2015/texmf-dist/tex/generic/babel/babel.sty
Package: babel 2014/09/25 3.9l The Babel package

(/usr/local/texlive/2015/texmf-dist/tex/generic/babel-finnish/finnish.ldf
Language: finnish 2007/10/20 v1.3q Finnish support from the babel system

(/usr/local/texlive/2015/texmf-dist/tex/generic/babel/babel.def
File: babel.def 2014/09/25 3.9l Babel common definitions
\babel@savecnt=\count87
\U@D=\dimen103
)
Package babel Info: Making " an active character on input line 89.
)
(/usr/local/texlive/2015/texmf-dist/tex/generic/babel-english/english.ldf
Language: english 2012/08/20 v3.3p English support from the babel system
\l@canadian = a dialect from \language\l@american 
\l@australian = a dialect from \language\l@british 
\l@newzealand = a dialect from \language\l@british 
))
(/usr/local/texlive/2015/texmf-dist/tex/latex/amsmath/amsmath.sty
Package: amsmath 2013/01/14 v2.14 AMS math features
\@mathmargin=\skip43

For additional information on amsmath, use the `?' option.
(/usr/local/texlive/2015/texmf-dist/tex/latex/amsmath/amstext.sty
Package: amstext 2000/06/29 v2.01

(/usr/local/texlive/2015/texmf-dist/tex/latex/amsmath/amsgen.sty
File: amsgen.sty 1999/11/30 v2.0
\@emptytoks=\toks16
\ex@=\dimen104
))
(/usr/local/texlive/2015/texmf-dist/tex/latex/amsmath/amsbsy.sty
Package: amsbsy 1999/11/29 v1.2d
\pmbraise@=\dimen105
)
(/usr/local/texlive/2015/texmf-dist/tex/latex/amsmath/amsopn.sty
Package: amsopn 1999/12/14 v2.01 operator names
)
\inf@bad=\count88
LaTeX Info: Redefining \frac on input line 210.
\uproot@=\count89
\leftroot@=\count90
LaTeX Info: Redefining \overline on input line 306.
\classnum@=\count91
\DOTSCASE@=\count92
LaTeX Info: Redefining \ldots on input line 378.
LaTeX Info: Redefining \dots on input line 381.
LaTeX Info: Redefining \cdots on input line 466.
\Mathstrutbox@=\box26
\strutbox@=\box27
\big@size=\dimen106
LaTeX Font Info:    Redeclaring font encoding OML on input line 566.
LaTeX Font Info:    Redeclaring font encoding OMS on input line 567.
\macc@depth=\count93
\c@MaxMatrixCols=\count94
\dotsspace@=\muskip10
\c@parentequation=\count95
\dspbrk@lvl=\count96
\tag@help=\toks17
\row@=\count97
\column@=\count98
\maxfields@=\count99
\andhelp@=\toks18
\eqnshift@=\dimen107
\alignsep@=\dimen108
\tagshift@=\dimen109
\tagwidth@=\dimen110
\totwidth@=\dimen111
\lineht@=\dimen112
\@envbody=\toks19
\multlinegap=\skip44
\multlinetaggap=\skip45
\mathdisplay@stack=\toks20
LaTeX Info: Redefining \[ on input line 2665.
LaTeX Info: Redefining \] on input line 2666.
)
(/usr/local/texlive/2015/texmf-dist/tex/latex/amsfonts/amssymb.sty
Package: amssymb 2013/01/14 v3.01 AMS font symbols

(/usr/local/texlive/2015/texmf-dist/tex/latex/amsfonts/amsfonts.sty
Package: amsfonts 2013/01/14 v3.01 Basic AMSFonts support
\symAMSa=\mathgroup4
\symAMSb=\mathgroup5
LaTeX Font Info:    Overwriting math alphabet `\mathfrak' in version `bold'
(Font)                  U/euf/m/n --> U/euf/b/n on input line 106.
))
(/usr/local/texlive/2015/texmf-dist/tex/latex/amscls/amsthm.sty
Package: amsthm 2015/03/04 v2.20.2
\thm@style=\toks21
\thm@bodyfont=\toks22
\thm@headfont=\toks23
\thm@notefont=\toks24
\thm@headpunct=\toks25
\thm@preskip=\skip46
\thm@postskip=\skip47
\thm@headsep=\skip48
\dth@everypar=\toks26
)
(/usr/local/texlive/texmf-local/tex/latex/ua1/uarial.sty
Package: uarial 2006/03/21 1.0 (WaS)

(/usr/local/texlive/2015/texmf-dist/tex/latex/graphics/keyval.sty
Package: keyval 2014/10/28 v1.15 key=value parser (DPC)
\KV@toks@=\toks27
))
(./newtxtext.sty
Package: newtxtext 2015/09/24 v1.462

`newtxtext' v1.462, 2015/09/24 Text macros taking advantage of TeX-Gyre Termes 
fonts (msharpe) (./fontaxes.sty
Package: fontaxes 2011/12/16 v1.0c Font selection axes
LaTeX Info: Redefining \upshape on input line 29.
LaTeX Info: Redefining \itshape on input line 31.
LaTeX Info: Redefining \slshape on input line 33.
LaTeX Info: Redefining \scshape on input line 37.
)
\ntx@fs=\dimen113

(/usr/local/texlive/2015/texmf-dist/tex/latex/xkeyval/xkeyval.sty
Package: xkeyval 2014/12/03 v2.7a package option processing (HA)

(/usr/local/texlive/2015/texmf-dist/tex/generic/xkeyval/xkeyval.tex
(/usr/local/texlive/2015/texmf-dist/tex/generic/xkeyval/xkvutils.tex
\XKV@toks=\toks28
\XKV@tempa@toks=\toks29
)
\XKV@depth=\count100
File: xkeyval.tex 2014/12/03 v2.7a key=value parser (HA)
))
(./etoolbox.sty
Package: etoolbox 2015/08/02 v2.2a e-TeX tools for LaTeX (JAW)
\etb@tempcnta=\count101
) (/usr/local/texlive/2015/texmf-dist/tex/latex/base/fontenc.sty
Package: fontenc 2005/09/27 v1.99g Standard LaTeX package
(/usr/local/texlive/2015/texmf-dist/tex/latex/base/t1enc.def
File: t1enc.def 2005/09/27 v1.99g Standard LaTeX file
LaTeX Font Info:    Redeclaring font encoding T1 on input line 48.
))
(/usr/local/texlive/2015/texmf-dist/tex/latex/base/textcomp.sty
Package: textcomp 2005/09/27 v1.99g Standard LaTeX package
Package textcomp Info: Sub-encoding information:
(textcomp)               5 = only ISO-Adobe without \textcurrency
(textcomp)               4 = 5 + \texteuro
(textcomp)               3 = 4 + \textohm
(textcomp)               2 = 3 + \textestimated + \textcurrency
(textcomp)               1 = TS1 - \textcircled - \t
(textcomp)               0 = TS1 (full)
(textcomp)             Font families with sub-encoding setting implement
(textcomp)             only a restricted character set as indicated.
(textcomp)             Family '?' is the default used for unknown fonts.
(textcomp)             See the documentation for details.
Package textcomp Info: Setting ? sub-encoding to TS1/1 on input line 79.
Package textcomp Info: Changing ? sub-encoding to TS1/0 on input line 80.

(/usr/local/texlive/2015/texmf-dist/tex/latex/base/ts1enc.def
File: ts1enc.def 2001/06/05 v3.0e (jk/car/fm) Standard LaTeX file
)
LaTeX Info: Redefining \oldstylenums on input line 334.
Package textcomp Info: Setting cmr sub-encoding to TS1/0 on input line 349.
Package textcomp Info: Setting cmss sub-encoding to TS1/0 on input line 350.
Package textcomp Info: Setting cmtt sub-encoding to TS1/0 on input line 351.
Package textcomp Info: Setting cmvtt sub-encoding to TS1/0 on input line 352.
Package textcomp Info: Setting cmbr sub-encoding to TS1/0 on input line 353.
Package textcomp Info: Setting cmtl sub-encoding to TS1/0 on input line 354.
Package textcomp Info: Setting ccr sub-encoding to TS1/0 on input line 355.
Package textcomp Info: Setting ptm sub-encoding to TS1/4 on input line 356.
Package textcomp Info: Setting pcr sub-encoding to TS1/4 on input line 357.
Package textcomp Info: Setting phv sub-encoding to TS1/4 on input line 358.
Package textcomp Info: Setting ppl sub-encoding to TS1/3 on input line 359.
Package textcomp Info: Setting pag sub-encoding to TS1/4 on input line 360.
Package textcomp Info: Setting pbk sub-encoding to TS1/4 on input line 361.
Package textcomp Info: Setting pnc sub-encoding to TS1/4 on input line 362.
Package textcomp Info: Setting pzc sub-encoding to TS1/4 on input line 363.
Package textcomp Info: Setting bch sub-encoding to TS1/4 on input line 364.
Package textcomp Info: Setting put sub-encoding to TS1/5 on input line 365.
Package textcomp Info: Setting uag sub-encoding to TS1/5 on input line 366.
Package textcomp Info: Setting ugq sub-encoding to TS1/5 on input line 367.
Package textcomp Info: Setting ul8 sub-encoding to TS1/4 on input line 368.
Package textcomp Info: Setting ul9 sub-encoding to TS1/4 on input line 369.
Package textcomp Info: Setting augie sub-encoding to TS1/5 on input line 370.
Package textcomp Info: Setting dayrom sub-encoding to TS1/3 on input line 371.
Package textcomp Info: Setting dayroms sub-encoding to TS1/3 on input line 372.

Package textcomp Info: Setting pxr sub-encoding to TS1/0 on input line 373.
Package textcomp Info: Setting pxss sub-encoding to TS1/0 on input line 374.
Package textcomp Info: Setting pxtt sub-encoding to TS1/0 on input line 375.
Package textcomp Info: Setting txr sub-encoding to TS1/0 on input line 376.
Package textcomp Info: Setting txss sub-encoding to TS1/0 on input line 377.
Package textcomp Info: Setting txtt sub-encoding to TS1/0 on input line 378.
Package textcomp Info: Setting lmr sub-encoding to TS1/0 on input line 379.
Package textcomp Info: Setting lmdh sub-encoding to TS1/0 on input line 380.
Package textcomp Info: Setting lmss sub-encoding to TS1/0 on input line 381.
Package textcomp Info: Setting lmssq sub-encoding to TS1/0 on input line 382.
Package textcomp Info: Setting lmvtt sub-encoding to TS1/0 on input line 383.
Package textcomp Info: Setting lmtt sub-encoding to TS1/0 on input line 384.
Package textcomp Info: Setting qhv sub-encoding to TS1/0 on input line 385.
Package textcomp Info: Setting qag sub-encoding to TS1/0 on input line 386.
Package textcomp Info: Setting qbk sub-encoding to TS1/0 on input line 387.
Package textcomp Info: Setting qcr sub-encoding to TS1/0 on input line 388.
Package textcomp Info: Setting qcs sub-encoding to TS1/0 on input line 389.
Package textcomp Info: Setting qpl sub-encoding to TS1/0 on input line 390.
Package textcomp Info: Setting qtm sub-encoding to TS1/0 on input line 391.
Package textcomp Info: Setting qzc sub-encoding to TS1/0 on input line 392.
Package textcomp Info: Setting qhvc sub-encoding to TS1/0 on input line 393.
Package textcomp Info: Setting futs sub-encoding to TS1/4 on input line 394.
Package textcomp Info: Setting futx sub-encoding to TS1/4 on input line 395.
Package textcomp Info: Setting futj sub-encoding to TS1/4 on input line 396.
Package textcomp Info: Setting hlh sub-encoding to TS1/3 on input line 397.
Package textcomp Info: Setting hls sub-encoding to TS1/3 on input line 398.
Package textcomp Info: Setting hlst sub-encoding to TS1/3 on input line 399.
Package textcomp Info: Setting hlct sub-encoding to TS1/5 on input line 400.
Package textcomp Info: Setting hlx sub-encoding to TS1/5 on input line 401.
Package textcomp Info: Setting hlce sub-encoding to TS1/5 on input line 402.
Package textcomp Info: Setting hlcn sub-encoding to TS1/5 on input line 403.
Package textcomp Info: Setting hlcw sub-encoding to TS1/5 on input line 404.
Package textcomp Info: Setting hlcf sub-encoding to TS1/5 on input line 405.
Package textcomp Info: Setting pplx sub-encoding to TS1/3 on input line 406.
Package textcomp Info: Setting pplj sub-encoding to TS1/3 on input line 407.
Package textcomp Info: Setting ptmx sub-encoding to TS1/4 on input line 408.
Package textcomp Info: Setting ptmj sub-encoding to TS1/4 on input line 409.
) 
Babel
LaTeX Font Info:    Try loading font information for T1+ntxtlf on input line 25
0.
(/usr/local/texlive/2015/texmf-dist/tex/latex/newtx/t1ntxtlf.fd
File: t1ntxtlf.fd 2015/01/17 v1.0 font definition file for T1/ntx/tlf
)
LaTeX Font Info:    Font shape `T1/ntxtlf/m/n' will be
(Font)              scaled to size 12.0pt on input line 250.
)
(/usr/local/texlive/2015/texmf-dist/tex/latex/newtx/newtxmath.sty
Package: newtxmath 2015/05/01 v1.437

`newtxmath' v1.437, 2015/05/01 Math macros based on txfonts (msharpe)
(/usr/local/texlive/2015/texmf-dist/tex/generic/ifxetex/ifxetex.sty
Package: ifxetex 2010/09/12 v0.6 Provides ifxetex conditional
)
(/usr/local/texlive/2015/texmf-dist/tex/generic/oberdiek/ifluatex.sty
Package: ifluatex 2010/03/01 v1.3 Provides the ifluatex switch (HO)
Package ifluatex Info: LuaTeX not detected.
)
(/usr/local/texlive/2015/texmf-dist/tex/generic/kastrup/binhex.tex)
\tx@Isdigit=\count102
LaTeX Font Info:    Redeclaring symbol font `operators' on input line 107.
LaTeX Font Info:    Encoding `OT1' has changed to `T1' for symbol font
(Font)              `operators' in the math version `normal' on input line 107.

LaTeX Font Info:    Overwriting symbol font `operators' in version `normal'
(Font)                  OT1/cmr/m/n --> T1/ntxtlf/m/n on input line 107.
LaTeX Font Info:    Encoding `OT1' has changed to `T1' for symbol font
(Font)              `operators' in the math version `bold' on input line 107.
LaTeX Font Info:    Overwriting symbol font `operators' in version `bold'
(Font)                  OT1/cmr/bx/n --> T1/ntxtlf/m/n on input line 107.
LaTeX Font Info:    Overwriting symbol font `operators' in version `bold'
(Font)                  T1/ntxtlf/m/n --> T1/ntxtlf/b/n on input line 108.
LaTeX Font Info:    Redeclaring math alphabet \mathsf on input line 114.
LaTeX Font Info:    Overwriting math alphabet `\mathsf' in version `normal'
(Font)                  OT1/cmss/m/n --> T1/qhv/m/n on input line 114.
LaTeX Font Info:    Overwriting math alphabet `\mathsf' in version `bold'
(Font)                  OT1/cmss/bx/n --> T1/qhv/m/n on input line 114.
LaTeX Font Info:    Redeclaring math alphabet \mathit on input line 115.
LaTeX Font Info:    Overwriting math alphabet `\mathit' in version `normal'
(Font)                  OT1/cmr/m/it --> T1/ntxtlf/m/it on input line 115.
LaTeX Font Info:    Overwriting math alphabet `\mathit' in version `bold'
(Font)                  OT1/cmr/bx/it --> T1/ntxtlf/m/it on input line 115.
LaTeX Font Info:    Redeclaring math alphabet \mathtt on input line 116.
LaTeX Font Info:    Overwriting math alphabet `\mathtt' in version `normal'
(Font)                  OT1/cmtt/m/n --> T1/ntxtt/m/n on input line 116.
LaTeX Font Info:    Overwriting math alphabet `\mathtt' in version `bold'
(Font)                  OT1/cmtt/m/n --> T1/ntxtt/m/n on input line 116.
LaTeX Font Info:    Redeclaring math alphabet \mathbf on input line 118.
LaTeX Font Info:    Overwriting math alphabet `\mathbf' in version `normal'
(Font)                  OT1/cmr/bx/n --> T1/ntxtlf/b/n on input line 118.
LaTeX Font Info:    Overwriting math alphabet `\mathbf' in version `bold'
(Font)                  OT1/cmr/bx/n --> T1/ntxtlf/b/n on input line 118.
LaTeX Font Info:    Overwriting math alphabet `\mathit' in version `bold'
(Font)                  T1/ntxtlf/m/it --> T1/ntxtlf/b/it on input line 119.
LaTeX Font Info:    Overwriting math alphabet `\mathsf' in version `bold'
(Font)                  T1/qhv/m/n --> T1/qhv/b/n on input line 120.
LaTeX Font Info:    Overwriting math alphabet `\mathtt' in version `bold'
(Font)                  T1/ntxtt/m/n --> T1/ntxtt/b/n on input line 121.
LaTeX Font Info:    Redeclaring symbol font `letters' on input line 162.
LaTeX Font Info:    Overwriting symbol font `letters' in version `normal'
(Font)                  OML/cmm/m/it --> OML/ntxmi/m/it on input line 162.
LaTeX Font Info:    Overwriting symbol font `letters' in version `bold'
(Font)                  OML/cmm/b/it --> OML/ntxmi/m/it on input line 162.
LaTeX Font Info:    Overwriting symbol font `letters' in version `bold'
(Font)                  OML/ntxmi/m/it --> OML/ntxmi/b/it on input line 163.
\symlettersA=\mathgroup6
LaTeX Font Info:    Overwriting symbol font `lettersA' in version `bold'
(Font)                  U/ntxmia/m/it --> U/ntxmia/b/it on input line 177.
LaTeX Font Info:    Redeclaring math alphabet \mathfrak on input line 179.
LaTeX Font Info:    Redeclaring symbol font `symbols' on input line 185.
LaTeX Font Info:    Overwriting symbol font `symbols' in version `normal'
(Font)                  OMS/cmsy/m/n --> OMS/ntxsy/m/n on input line 185.
LaTeX Font Info:    Overwriting symbol font `symbols' in version `bold'
(Font)                  OMS/cmsy/b/n --> OMS/ntxsy/m/n on input line 185.
LaTeX Font Info:    Overwriting symbol font `symbols' in version `bold'
(Font)                  OMS/ntxsy/m/n --> OMS/ntxsy/b/n on input line 186.
\symAMSm=\mathgroup7
LaTeX Font Info:    Overwriting symbol font `AMSm' in version `bold'
(Font)                  U/ntxsym/m/n --> U/ntxsym/b/n on input line 206.
\symsymbolsC=\mathgroup8
LaTeX Font Info:    Overwriting symbol font `symbolsC' in version `bold'
(Font)                  U/ntxsyc/m/n --> U/ntxsyc/b/n on input line 227.
LaTeX Font Info:    Redeclaring symbol font `largesymbols' on input line 240.
LaTeX Font Info:    Encoding `OMX' has changed to `LMX' for symbol font
(Font)              `largesymbols' in the math version `normal' on input line 2
40.
LaTeX Font Info:    Overwriting symbol font `largesymbols' in version `normal'
(Font)                  OMX/cmex/m/n --> LMX/ntxexx/m/n on input line 240.
LaTeX Font Info:    Encoding `OMX' has changed to `LMX' for symbol font
(Font)              `largesymbols' in the math version `bold' on input line 240
.
LaTeX Font Info:    Overwriting symbol font `largesymbols' in version `bold'
(Font)                  OMX/cmex/m/n --> LMX/ntxexx/m/n on input line 240.
LaTeX Font Info:    Overwriting symbol font `largesymbols' in version `bold'
(Font)                  LMX/ntxexx/m/n --> LMX/ntxexx/b/n on input line 241.
\symlargesymbolsTXA=\mathgroup9
LaTeX Font Info:    Overwriting symbol font `largesymbolsTXA' in version `bold'

(Font)                  U/ntxexa/m/n --> U/ntxexa/b/n on input line 255.
LaTeX Info: Redefining \not on input line 1638.
LaTeX Info: Redefining \textsquare on input line 1659.
LaTeX Info: Redefining \openbox on input line 1661.
)
(/usr/local/texlive/2015/texmf-dist/tex/latex/enumitem/enumitem.sty
Package: enumitem 2011/09/28 v3.5.2 Customized lists
\labelindent=\skip49
\enit@outerparindent=\dimen114
\enit@toks=\toks30
\enit@inbox=\box28
\enitdp@description=\count103
)
(/usr/local/texlive/2015/texmf-dist/tex/latex/multirow/multirow.sty
\bigstrutjot=\dimen115
)
(/usr/local/texlive/2015/texmf-dist/tex/latex/tools/bm.sty
Package: bm 2014/10/28 v1.1c Bold Symbol Support (DPC/FMi)
\symboldoperators=\mathgroup10
\symboldletters=\mathgroup11
\symboldsymbols=\mathgroup12
\symboldlargesymbols=\mathgroup13
LaTeX Font Info:    Redeclaring math alphabet \mathbf on input line 141.
LaTeX Info: Redefining \bm on input line 207.
)
(/usr/local/texlive/2015/texmf-dist/tex/latex/graphics/graphicx.sty
Package: graphicx 2014/10/28 v1.0g Enhanced LaTeX Graphics (DPC,SPQR)

(/usr/local/texlive/2015/texmf-dist/tex/latex/graphics/graphics.sty
Package: graphics 2014/10/28 v1.0p Standard LaTeX Graphics (DPC,SPQR)

(/usr/local/texlive/2015/texmf-dist/tex/latex/graphics/trig.sty
Package: trig 1999/03/16 v1.09 sin cos tan (DPC)
)
(/usr/local/texlive/2015/texmf-dist/tex/latex/latexconfig/graphics.cfg
File: graphics.cfg 2010/04/23 v1.9 graphics configuration of TeX Live
)
Package graphics Info: Driver file: pdftex.def on input line 94.

(/usr/local/texlive/2015/texmf-dist/tex/latex/pdftex-def/pdftex.def
File: pdftex.def 2011/05/27 v0.06d Graphics/color for pdfTeX

(/usr/local/texlive/2015/texmf-dist/tex/generic/oberdiek/infwarerr.sty
Package: infwarerr 2010/04/08 v1.3 Providing info/warning/error messages (HO)
)
(/usr/local/texlive/2015/texmf-dist/tex/generic/oberdiek/ltxcmds.sty
Package: ltxcmds 2011/11/09 v1.22 LaTeX kernel commands for general use (HO)
)
\Gread@gobject=\count104
))
\Gin@req@height=\dimen116
\Gin@req@width=\dimen117
)
(/usr/local/texlive/2015/texmf-dist/tex/latex/subfigure/subfigure.sty
Package: subfigure 2002/03/15 v2.1.5 subfigure package
\subfigtopskip=\skip50
\subfigcapskip=\skip51
\subfigcaptopadj=\dimen118
\subfigbottomskip=\skip52
\subfigcapmargin=\dimen119
\subfiglabelskip=\skip53
\c@subfigure=\count105
\c@lofdepth=\count106
\c@subtable=\count107
\c@lotdepth=\count108

****************************************
* Local config file subfigure.cfg used *
****************************************
(/usr/local/texlive/2015/texmf-dist/tex/latex/subfigure/subfigure.cfg)
\subfig@top=\skip54
\subfig@bottom=\skip55
)
(/usr/local/texlive/2015/texmf-dist/tex/latex/lipsum/lipsum.sty
Package: lipsum 2014/07/27 v1.3 150 paragraphs of Lorem Ipsum dummy text
\c@lips@count=\count109
)
(/usr/local/texlive/2015/texmf-dist/tex/latex/caption/caption.sty
Package: caption 2013/05/02 v3.3-89 Customizing captions (AR)

(/usr/local/texlive/2015/texmf-dist/tex/latex/caption/caption3.sty
Package: caption3 2013/05/02 v1.6-88 caption3 kernel (AR)
Package caption3 Info: TeX engine: e-TeX on input line 57.
\captionmargin=\dimen120
\captionmargin@=\dimen121
\captionwidth=\dimen122
\caption@tempdima=\dimen123
\caption@indent=\dimen124
\caption@parindent=\dimen125
\caption@hangindent=\dimen126
)
\c@ContinuedFloat=\count110
Package caption Info: subfigure package is loaded.
)
(/usr/local/texlive/2015/texmf-dist/tex/latex/natbib/natbib.sty
Package: natbib 2010/09/13 8.31b (PWD, AO)
\bibhang=\skip56
\bibsep=\skip57
LaTeX Info: Redefining \cite on input line 694.
\c@NAT@ctr=\count111
)
(/usr/local/texlive/2015/texmf-dist/tex/latex/booktabs/booktabs.sty
Package: booktabs 2005/04/14 v1.61803 publication quality tables
\heavyrulewidth=\dimen127
\lightrulewidth=\dimen128
\cmidrulewidth=\dimen129
\belowrulesep=\dimen130
\belowbottomsep=\dimen131
\aboverulesep=\dimen132
\abovetopsep=\dimen133
\cmidrulesep=\dimen134
\cmidrulekern=\dimen135
\defaultaddspace=\dimen136
\@cmidla=\count112
\@cmidlb=\count113
\@aboverulesep=\dimen137
\@belowrulesep=\dimen138
\@thisruleclass=\count114
\@lastruleclass=\count115
\@thisrulewidth=\dimen139
)
(/usr/local/texlive/2015/texmf-dist/tex/latex/fancyvrb/fancyvrb.sty
Package: fancyvrb 2008/02/07

Style option: `fancyvrb' v2.7a, with DG/SPQR fixes, and firstline=lastline fix 
<2008/02/07> (tvz)
\FV@CodeLineNo=\count116
\FV@InFile=\read1
\FV@TabBox=\box29
\c@FancyVerbLine=\count117
\FV@StepNumber=\count118
\FV@OutFile=\write3
)
(/usr/local/texlive/2015/texmf-dist/tex/latex/listings/listings.sty
\lst@mode=\count119
\lst@gtempboxa=\box30
\lst@token=\toks31
\lst@length=\count120
\lst@currlwidth=\dimen140
\lst@column=\count121
\lst@pos=\count122
\lst@lostspace=\dimen141
\lst@width=\dimen142
\lst@newlines=\count123
\lst@lineno=\count124
\lst@maxwidth=\dimen143

(/usr/local/texlive/2015/texmf-dist/tex/latex/listings/lstmisc.sty
File: lstmisc.sty 2014/09/06 1.5e (Carsten Heinz)
\c@lstnumber=\count125
\lst@skipnumbers=\count126
\lst@framebox=\box31
)
(/usr/local/texlive/2015/texmf-dist/tex/latex/listings/listings.cfg
File: listings.cfg 2014/09/06 1.5e listings configuration
))
Package: listings 2014/09/06 1.5e (Carsten Heinz)

(/usr/local/texlive/2015/texmf-dist/tex/latex/listings/lstlang1.sty
File: lstlang1.sty 2014/09/06 1.5e listings language file
)
(/usr/local/texlive/2015/texmf-dist/tex/latex/listings/lstlang2.sty
File: lstlang2.sty 2014/09/06 1.5e listings language file
)
(/usr/local/texlive/2015/texmf-dist/tex/latex/listings/lstlang3.sty
File: lstlang3.sty 2014/09/06 1.5e listings language file
)
(/usr/local/texlive/2015/texmf-dist/tex/latex/hyperref/hyperref.sty
Package: hyperref 2012/11/06 v6.83m Hypertext links for LaTeX

(/usr/local/texlive/2015/texmf-dist/tex/generic/oberdiek/hobsub-hyperref.sty
Package: hobsub-hyperref 2012/05/28 v1.13 Bundle oberdiek, subset hyperref (HO)


(/usr/local/texlive/2015/texmf-dist/tex/generic/oberdiek/hobsub-generic.sty
Package: hobsub-generic 2012/05/28 v1.13 Bundle oberdiek, subset generic (HO)
Package: hobsub 2012/05/28 v1.13 Construct package bundles (HO)
Package hobsub Info: Skipping package `infwarerr' (already loaded).
Package hobsub Info: Skipping package `ltxcmds' (already loaded).
Package hobsub Info: Skipping package `ifluatex' (already loaded).
Package: ifvtex 2010/03/01 v1.5 Detect VTeX and its facilities (HO)
Package ifvtex Info: VTeX not detected.
Package: intcalc 2007/09/27 v1.1 Expandable calculations with integers (HO)
Package: ifpdf 2011/01/30 v2.3 Provides the ifpdf switch (HO)
Package ifpdf Info: pdfTeX in PDF mode is detected.
Package: etexcmds 2011/02/16 v1.5 Avoid name clashes with e-TeX commands (HO)
Package etexcmds Info: Could not find \expanded.
(etexcmds)             That can mean that you are not using pdfTeX 1.50 or
(etexcmds)             that some package has redefined \expanded.
(etexcmds)             In the latter case, load this package earlier.
Package: kvsetkeys 2012/04/25 v1.16 Key value parser (HO)
Package: kvdefinekeys 2011/04/07 v1.3 Define keys (HO)
Package: pdftexcmds 2011/11/29 v0.20 Utility functions of pdfTeX for LuaTeX (HO
)
Package pdftexcmds Info: LuaTeX not detected.
Package pdftexcmds Info: \pdf@primitive is available.
Package pdftexcmds Info: \pdf@ifprimitive is available.
Package pdftexcmds Info: \pdfdraftmode found.
Package: pdfescape 2011/11/25 v1.13 Implements pdfTeX's escape features (HO)
Package: bigintcalc 2012/04/08 v1.3 Expandable calculations on big integers (HO
)
Package: bitset 2011/01/30 v1.1 Handle bit-vector datatype (HO)
Package: uniquecounter 2011/01/30 v1.2 Provide unlimited unique counter (HO)
)
Package hobsub Info: Skipping package `hobsub' (already loaded).
Package: letltxmacro 2010/09/02 v1.4 Let assignment for LaTeX macros (HO)
Package: hopatch 2012/05/28 v1.2 Wrapper for package hooks (HO)
Package: xcolor-patch 2011/01/30 xcolor patch
Package: atveryend 2011/06/30 v1.8 Hooks at the very end of document (HO)
Package: atbegshi 2011/10/05 v1.16 At begin shipout hook (HO)
Package: refcount 2011/10/16 v3.4 Data extraction from label references (HO)
Package: hycolor 2011/01/30 v1.7 Color options for hyperref/bookmark (HO)
)
(/usr/local/texlive/2015/texmf-dist/tex/latex/oberdiek/auxhook.sty
Package: auxhook 2011/03/04 v1.3 Hooks for auxiliary files (HO)
)
(/usr/local/texlive/2015/texmf-dist/tex/latex/oberdiek/kvoptions.sty
Package: kvoptions 2011/06/30 v3.11 Key value format for package options (HO)
)
\@linkdim=\dimen144
\Hy@linkcounter=\count127
\Hy@pagecounter=\count128

(/usr/local/texlive/2015/texmf-dist/tex/latex/hyperref/pd1enc.def
File: pd1enc.def 2012/11/06 v6.83m Hyperref: PDFDocEncoding definition (HO)
)
\Hy@SavedSpaceFactor=\count129

(/usr/local/texlive/2015/texmf-dist/tex/latex/latexconfig/hyperref.cfg
File: hyperref.cfg 2002/06/06 v1.2 hyperref configuration of TeXLive
)
Package hyperref Info: Hyper figures OFF on input line 4443.
Package hyperref Info: Link nesting OFF on input line 4448.
Package hyperref Info: Hyper index ON on input line 4451.
Package hyperref Info: Plain pages OFF on input line 4458.
Package hyperref Info: Backreferencing OFF on input line 4463.
Package hyperref Info: Implicit mode ON; LaTeX internals redefined.
Package hyperref Info: Bookmarks ON on input line 4688.
\c@Hy@tempcnt=\count130

(/usr/local/texlive/2015/texmf-dist/tex/latex/url/url.sty
\Urlmuskip=\muskip11
Package: url 2013/09/16  ver 3.4  Verb mode for urls, etc.
)
LaTeX Info: Redefining \url on input line 5041.
\XeTeXLinkMargin=\dimen145
\Fld@menulength=\count131
\Field@Width=\dimen146
\Fld@charsize=\dimen147
Package hyperref Info: Hyper figures OFF on input line 6295.
Package hyperref Info: Link nesting OFF on input line 6300.
Package hyperref Info: Hyper index ON on input line 6303.
Package hyperref Info: backreferencing OFF on input line 6310.
Package hyperref Info: Link coloring OFF on input line 6315.
Package hyperref Info: Link coloring with OCG OFF on input line 6320.
Package hyperref Info: PDF/A mode OFF on input line 6325.
LaTeX Info: Redefining \ref on input line 6365.
LaTeX Info: Redefining \pageref on input line 6369.
\Hy@abspage=\count132
\c@Item=\count133
\c@Hfootnote=\count134
)

Package hyperref Message: Driver (autodetected): hpdftex.

(/usr/local/texlive/2015/texmf-dist/tex/latex/hyperref/hpdftex.def
File: hpdftex.def 2012/11/06 v6.83m Hyperref driver for pdfTeX
\Fld@listcount=\count135
\c@bookmark@seq@number=\count136

(/usr/local/texlive/2015/texmf-dist/tex/latex/oberdiek/rerunfilecheck.sty
Package: rerunfilecheck 2011/04/15 v1.7 Rerun checks for auxiliary files (HO)
Package uniquecounter Info: New unique counter `rerunfilecheck' on input line 2
82.
)
\Hy@SectionHShift=\skip58
)
\c@theorem=\count137
\c@definition=\count138
\c@example=\count139

(./thesis-template.aux

LaTeX Warning: Label `fig: waiting time' multiply defined.

)
\openout1 = `thesis-template.aux'.

LaTeX Font Info:    Checking defaults for OML/ntxmi/m/it on input line 153.
LaTeX Font Info:    Try loading font information for OML+ntxmi on input line 15
3.
 (/usr/local/texlive/2015/texmf-dist/tex/latex/newtx/omlntxmi.fd
File: omlntxmi.fd 2012/03/22 Fontinst v1.933 font definitions for OML/ntxmi.
)
LaTeX Font Info:    ... okay on input line 153.
LaTeX Font Info:    Checking defaults for T1/cmr/m/n on input line 153.
LaTeX Font Info:    ... okay on input line 153.
LaTeX Font Info:    Checking defaults for OT1/cmr/m/n on input line 153.
LaTeX Font Info:    ... okay on input line 153.
LaTeX Font Info:    Checking defaults for OMS/ntxsy/m/n on input line 153.
LaTeX Font Info:    Try loading font information for OMS+ntxsy on input line 15
3.

(/usr/local/texlive/2015/texmf-dist/tex/latex/newtx/omsntxsy.fd
File: omsntxsy.fd 2012/11/14 Fontinst v1.933 font definitions for OMS/ntxsy.
)
LaTeX Font Info:    ... okay on input line 153.
LaTeX Font Info:    Checking defaults for OMX/cmex/m/n on input line 153.
LaTeX Font Info:    ... okay on input line 153.
LaTeX Font Info:    Checking defaults for U/ntxexa/m/n on input line 153.
LaTeX Font Info:    Try loading font information for U+ntxexa on input line 153
.

(/usr/local/texlive/2015/texmf-dist/tex/latex/newtx/untxexa.fd
File: untxexa.fd 2012/04/16 Fontinst v1.933 font definitions for U/ntxexa.
)
LaTeX Font Info:    ... okay on input line 153.
LaTeX Font Info:    Checking defaults for TS1/cmr/m/n on input line 153.
LaTeX Font Info:    Try loading font information for TS1+cmr on input line 153.


(/usr/local/texlive/2015/texmf-dist/tex/latex/base/ts1cmr.fd
File: ts1cmr.fd 2014/09/29 v2.5h Standard LaTeX font definitions
)
LaTeX Font Info:    ... okay on input line 153.
LaTeX Font Info:    Checking defaults for LMX/ntxexx/m/n on input line 153.
LaTeX Font Info:    ... okay on input line 153.
LaTeX Font Info:    Checking defaults for PD1/pdf/m/n on input line 153.
LaTeX Font Info:    ... okay on input line 153.
\c@mv@tabular=\count140
\c@mv@boldtabular=\count141

(/usr/local/texlive/2015/texmf-dist/tex/context/base/supp-pdf.mkii
[Loading MPS to PDF converter (version 2006.09.02).]
\scratchcounter=\count142
\scratchdimen=\dimen148
\scratchbox=\box32
\nofMPsegments=\count143
\nofMParguments=\count144
\everyMPshowfont=\toks32
\MPscratchCnt=\count145
\MPscratchDim=\dimen149
\MPnumerator=\count146
\makeMPintoPDFobject=\count147
\everyMPtoPDFconversion=\toks33
) (/usr/local/texlive/2015/texmf-dist/tex/latex/oberdiek/epstopdf-base.sty
Package: epstopdf-base 2010/02/09 v2.5 Base part for package epstopdf

(/usr/local/texlive/2015/texmf-dist/tex/latex/oberdiek/grfext.sty
Package: grfext 2010/08/19 v1.1 Manage graphics extensions (HO)
)
Package grfext Info: Graphics extension search list:
(grfext)             [.png,.pdf,.jpg,.mps,.jpeg,.jbig2,.jb2,.PNG,.PDF,.JPG,.JPE
G,.JBIG2,.JB2,.eps]
(grfext)             \AppendGraphicsExtensions on input line 452.

(/usr/local/texlive/2015/texmf-dist/tex/latex/latexconfig/epstopdf-sys.cfg
File: epstopdf-sys.cfg 2010/07/13 v1.3 Configuration of (r)epstopdf for TeX Liv
e
))
Package caption Info: Begin \AtBeginDocument code.
Package caption Info: hyperref package is loaded.
Package caption Info: listings package is loaded.
Package caption Info: End \AtBeginDocument code.
\c@lstlisting=\count148
\AtBeginShipoutBox=\box33
Package hyperref Info: Link coloring OFF on input line 153.

(/usr/local/texlive/2015/texmf-dist/tex/latex/hyperref/nameref.sty
Package: nameref 2012/10/27 v2.43 Cross-referencing by name of section

(/usr/local/texlive/2015/texmf-dist/tex/generic/oberdiek/gettitlestring.sty
Package: gettitlestring 2010/12/03 v1.4 Cleanup title references (HO)
)
\c@section@level=\count149
)
LaTeX Info: Redefining \ref on input line 153.
LaTeX Info: Redefining \pageref on input line 153.
LaTeX Info: Redefining \nameref on input line 153.

(./thesis-template.out) (./thesis-template.out)
\@outlinefile=\write4
\openout4 = `thesis-template.out'.

LaTeX Font Info:    Font shape `T1/ntxtlf/m/n' will be
(Font)              scaled to size 17.28pt on input line 165.
LaTeX Font Info:    Font shape `T1/ntxtlf/bx/n' in size <17.28> not available
(Font)              Font shape `T1/ntxtlf/b/n' tried instead on input line 165.

LaTeX Font Info:    Font shape `T1/ntxtlf/b/n' will be
(Font)              scaled to size 17.28pt on input line 165.
LaTeX Font Info:    Font shape `T1/ntxtlf/m/n' will be
(Font)              scaled to size 14.4pt on input line 168.
LaTeX Font Info:    Font shape `T1/ntxtlf/bx/n' in size <14.4> not available
(Font)              Font shape `T1/ntxtlf/b/n' tried instead on input line 168.

LaTeX Font Info:    Font shape `T1/ntxtlf/b/n' will be
(Font)              scaled to size 14.4pt on input line 168.
 [1

{/usr/local/texlive/2015/texmf-var/fonts/map/pdftex/updmap/pdftex.map}] [2]
LaTeX Font Info:    Font shape `T1/ntxtlf/bx/n' in size <12> not available
(Font)              Font shape `T1/ntxtlf/b/n' tried instead on input line 234.

LaTeX Font Info:    Font shape `T1/ntxtlf/b/n' will be
(Font)              scaled to size 12.0pt on input line 234.
 [3]
LaTeX Font Info:    Font shape `T1/ntxtlf/m/n' will be
(Font)              scaled to size 20.74pt on input line 246.
LaTeX Font Info:    Font shape `T1/ntxtlf/bx/n' in size <20.74> not available
(Font)              Font shape `T1/ntxtlf/b/n' tried instead on input line 246.

LaTeX Font Info:    Font shape `T1/ntxtlf/b/n' will be
(Font)              scaled to size 20.74pt on input line 246.
 (./thesis-template.toc
LaTeX Font Info:    Font shape `T1/ntxtlf/m/n' will be
(Font)              scaled to size 8.8pt on input line 5.
LaTeX Font Info:    Font shape `T1/ntxtlf/m/n' will be
(Font)              scaled to size 6.6pt on input line 5.
LaTeX Font Info:    Try loading font information for U+msa on input line 5.

(/usr/local/texlive/2015/texmf-dist/tex/latex/amsfonts/umsa.fd
File: umsa.fd 2013/01/14 v3.01 AMS symbols A
)
LaTeX Font Info:    Try loading font information for U+msb on input line 5.

(/usr/local/texlive/2015/texmf-dist/tex/latex/amsfonts/umsb.fd
File: umsb.fd 2013/01/14 v3.01 AMS symbols B
)
LaTeX Font Info:    Try loading font information for U+ntxmia on input line 5.

(/usr/local/texlive/2015/texmf-dist/tex/latex/newtx/untxmia.fd
File: untxmia.fd 2012/04/16 Fontinst v1.933 font definitions for U/ntxmia.
)
LaTeX Font Info:    Try loading font information for U+ntxsym on input line 5.

(/usr/local/texlive/2015/texmf-dist/tex/latex/newtx/untxsym.fd
File: untxsym.fd 2015/03/20 Fontinst v1.933 font definitions for U/ntxsym.
)
LaTeX Font Info:    Try loading font information for U+ntxsyc on input line 5.

(/usr/local/texlive/2015/texmf-dist/tex/latex/newtx/untxsyc.fd
File: untxsyc.fd 2012/04/12 Fontinst v1.933 font definitions for U/ntxsyc.
)
LaTeX Font Info:    Font shape `T1/ntxtlf/b/n' will be
(Font)              scaled to size 8.8pt on input line 5.
LaTeX Font Info:    Font shape `T1/ntxtlf/b/n' will be
(Font)              scaled to size 6.6pt on input line 5.
 [4

])
\tf@toc=\write5
\openout5 = `thesis-template.toc'.

 [5]
(./thesis-template.lof)
\tf@lof=\write6
\openout6 = `thesis-template.lof'.

 [6

] (./thesis-template.lot)
\tf@lot=\write7
\openout7 = `thesis-template.lot'.

 [7

]
Chapter 1.
<finlandvolume.png, id=302, 424.58624pt x 574.39594pt>
File: finlandvolume.png Graphic file (type png)
 <use finlandvolume.png>
Package pdftex.def Info: finlandvolume.png used on input line 273.
(pdftex.def)             Requested size: 401.0pt x 542.50902pt.
LaTeX Font Info:    Font shape `T1/ntxtlf/m/n' will be
(Font)              scaled to size 10.95pt on input line 274.
LaTeX Font Info:    Font shape `T1/ntxtlf/bx/n' in size <10.95> not available
(Font)              Font shape `T1/ntxtlf/b/n' tried instead on input line 274.

LaTeX Font Info:    Font shape `T1/ntxtlf/b/n' will be
(Font)              scaled to size 10.95pt on input line 274.

[8

] [9 <./finlandvolume.png>] [10]
LaTeX Font Info:    Try loading font information for T1+ntxtt on input line 305
.

(/usr/local/texlive/2015/texmf-dist/tex/latex/newtx/t1ntxtt.fd
File: t1ntxtt.fd 2012/04/20 v3.1
)
LaTeX Font Info:    Font shape `T1/ntxtt/m/n' will be
(Font)              scaled to size 12.0pt on input line 305.
 [11] [12]
<flowchart.png, id=356, 378.66469pt x 520.94624pt>
File: flowchart.png Graphic file (type png)
 <use flowchart.png>
Package pdftex.def Info: flowchart.png used on input line 411.
(pdftex.def)             Requested size: 320.80122pt x 441.3438pt.


LaTeX Warning: `!h' float specifier changed to `!ht'.

LaTeX Font Info:    Font shape `T1/ntxtlf/m/it' will be
(Font)              scaled to size 12.0pt on input line 425.
[13] [14 <./flowchart.png>] [15] [16]
Chapter 2.
[17

] <1.png, id=439, 445.665pt x 255.20343pt>
File: 1.png Graphic file (type png)
 <use 1.png>
Package pdftex.def Info: 1.png used on input line 509.
(pdftex.def)             Requested size: 401.0pt x 229.63034pt.
 [18] [19 <./1.png>]
LaTeX Font Info:    Try loading font information for TS1+ntxtlf on input line 5
31.

(/usr/local/texlive/2015/texmf-dist/tex/latex/newtx/ts1ntxtlf.fd
File: ts1ntxtlf.fd 2015/01/18 v1.0 fd file for TS1/ntxtlf
)
LaTeX Font Info:    Font shape `TS1/ntxtlf/m/n' will be
(Font)              scaled to size 12.0pt on input line 531.
 [20] [21]
Chapter 3.
<interface.png, id=493, 1142.01656pt x 530.73282pt>
File: interface.png Graphic file (type png)
 <use interface.png>
Package pdftex.def Info: interface.png used on input line 582.
(pdftex.def)             Requested size: 401.0pt x 186.35854pt.

[22

 <./interface.png>] <greenduration.png, id=500, 722.7pt x 433.62pt>
File: greenduration.png Graphic file (type png)

<use greenduration.png>
Package pdftex.def Info: greenduration.png used on input line 599.
(pdftex.def)             Requested size: 401.0pt x 240.6024pt.
 <greenpercent.png, id=503, 722.7pt x 433.62pt>
File: greenpercent.png Graphic file (type png)

<use greenpercent.png>
Package pdftex.def Info: greenpercent.png used on input line 607.
(pdftex.def)             Requested size: 401.0pt x 240.6024pt.


LaTeX Warning: `!h' float specifier changed to `!ht'.

<TRE303.png, id=505, 1400.98407pt x 722.7pt>
File: TRE303.png Graphic file (type png)
 <use TRE303.png>
Package pdftex.def Info: TRE303.png used on input line 615.
(pdftex.def)             Requested size: 401.0pt x 206.85384pt.


LaTeX Warning: `!h' float specifier changed to `!ht'.

[23 <./greenduration.png>] [24 <./greenpercent.png> <./TRE303.png>]
<activegreen.png, id=517, 722.7pt x 433.62pt>
File: activegreen.png Graphic file (type png)
 <use activegreen.png>
Package pdftex.def Info: activegreen.png used on input line 629.
(pdftex.def)             Requested size: 401.0pt x 240.6024pt.

<queuelength.png, id=519, 650.43pt x 433.62pt>
File: queuelength.png Graphic file (type png)
 <use queuelength.png>
Package pdftex.def Info: queuelength.png used on input line 646.
(pdftex.def)             Requested size: 401.0pt x 267.33968pt.
 [25 <./activegreen.png>] <queue2.png, id=526, 650.43pt x 433.62pt>
File: queue2.png Graphic file (type png)
 <use queue2.png>
Package pdftex.def Info: queue2.png used on input line 652.
(pdftex.def)             Requested size: 401.0pt x 267.33968pt.


LaTeX Warning: `!h' float specifier changed to `!ht'.

[26 <./queuelength.png>]
<waitingtimeininterval.png, id=534, 650.43pt x 433.62pt>
File: waitingtimeininterval.png Graphic file (type png)

<use waitingtimeininterval.png>
Package pdftex.def Info: waitingtimeininterval.png used on input line 679.
(pdftex.def)             Requested size: 200.49979pt x 142.26135pt.
LaTeX Font Info:    Font shape `T1/ntxtlf/m/n' will be
(Font)              scaled to size 10.0pt on input line 679.
 <waitingtime.png, id=535, 650.43pt x 433.62pt>
File: waitingtime.png Graphic file (type png)

<use waitingtime.png>
Package pdftex.def Info: waitingtime.png used on input line 683.
(pdftex.def)             Requested size: 200.49979pt x 142.26135pt.

Overfull \hbox (11.99957pt too wide) in paragraph at lines 679--683
 [][][] 
 []

[27 <./queue2.png>] <saturationflowrate.png, id=550, 578.16pt x 433.62pt>
File: saturationflowrate.png Graphic file (type png)

<use saturationflowrate.png>
Package pdftex.def Info: saturationflowrate.png used on input line 716.
(pdftex.def)             Requested size: 401.0pt x 300.74638pt.


LaTeX Warning: `!h' float specifier changed to `!ht'.

[28 <./waitingtimeininterval.png> <./waitingtime.png>] [29 <./saturationflowrat
e.png>] <maximumcapacity.png, id=569, 722.7pt x 433.62pt>
File: maximumcapacity.png Graphic file (type png)

<use maximumcapacity.png>
Package pdftex.def Info: maximumcapacity.png used on input line 741.
(pdftex.def)             Requested size: 401.0pt x 240.6024pt.
 [30 <./maximumcapacity.png>]
<volume.png, id=576, 722.7pt x 433.62pt>
File: volume.png Graphic file (type png)
 <use volume.png>
Package pdftex.def Info: volume.png used on input line 757.
(pdftex.def)             Requested size: 401.0pt x 240.6024pt.

<volumes.png, id=577, 722.7pt x 433.62pt>
File: volumes.png Graphic file (type png)
 <use volumes.png>
Package pdftex.def Info: volumes.png used on input line 763.
(pdftex.def)             Requested size: 401.0pt x 240.6024pt.


LaTeX Warning: `!h' float specifier changed to `!ht'.


LaTeX Warning: `!h' float specifier changed to `!ht'.

[31 <./volume.png>] [32 <./volumes.png>]
<arrivalongreenpercent.png, id=595, 722.7pt x 433.62pt>
File: arrivalongreenpercent.png Graphic file (type png)

<use arrivalongreenpercent.png>
Package pdftex.def Info: arrivalongreenpercent.png used on input line 822.
(pdftex.def)             Requested size: 401.0pt x 240.6024pt.

<arrivalongreenratio.png, id=597, 722.7pt x 433.62pt>
File: arrivalongreenratio.png Graphic file (type png)

<use arrivalongreenratio.png>
Package pdftex.def Info: arrivalongreenratio.png used on input line 840.
(pdftex.def)             Requested size: 401.0pt x 240.6024pt.


LaTeX Warning: `!h' float specifier changed to `!ht'.

<oneratio.png, id=598, 722.7pt x 433.62pt>
File: oneratio.png Graphic file (type png)
 <use oneratio.png>
Package pdftex.def Info: oneratio.png used on input line 846.
(pdftex.def)             Requested size: 401.0pt x 240.6024pt.


LaTeX Warning: `!h' float specifier changed to `!ht'.

[33 <./arrivalongreenpercent.png>] [34 <./arrivalongreenratio.png> <./oneratio.
png>] [35]
Chapter 4.
<imflowgreentime.png, id=618, 554.82281pt x 284.56313pt>
File: imflowgreentime.png Graphic file (type png)

<use imflowgreentime.png>
Package pdftex.def Info: imflowgreentime.png used on input line 881.
(pdftex.def)             Requested size: 200.49799pt x 142.26817pt.
 <imanalystgreentime.png, id=619, 722.7pt x 433.62pt>
File: imanalystgreentime.png Graphic file (type png)

<use imanalystgreentime.png>
Package pdftex.def Info: imanalystgreentime.png used on input line 885.
(pdftex.def)             Requested size: 160.39497pt x 142.26135pt.

<mergegreen.png, id=620, 454.69875pt x 444.15938pt>
File: mergegreen.png Graphic file (type png)
 <use mergegreen.png>
Package pdftex.def Info: mergegreen.png used on input line 896.
(pdftex.def)             Requested size: 401.0pt x 391.70862pt.


LaTeX Warning: `!h' float specifier changed to `!ht'.


Underfull \hbox (badness 10000) in paragraph at lines 906--906
[]\T1/ntxtlf/m/n/12 Analysis
 []


Overfull \hbox (2.4225pt too wide) in paragraph at lines 906--906
[]\T1/ntxtlf/m/n/12 Overlapping
 []


Underfull \hbox (badness 10000) in paragraph at lines 906--907
[]\T1/ntxtlf/m/n/12 green
 []


Underfull \hbox (badness 10000) in paragraph at lines 906--907
\T1/ntxtlf/m/n/12 per-
 []


Overfull \hbox (14.43301pt too wide) in paragraph at lines 902--922
[][] 
 []


LaTeX Warning: `!h' float specifier changed to `!ht'.

[36

 <./imflowgreentime.png> <./imanalystgreentime.png>]
<mergevolumes.png, id=632, 602.25pt x 487.8225pt>
File: mergevolumes.png Graphic file (type png)
 <use mergevolumes.png>
Package pdftex.def Info: mergevolumes.png used on input line 938.
(pdftex.def)             Requested size: 481.19878pt x 389.78958pt.

Overfull \hbox (45.86371pt too wide) in paragraph at lines 937--939
[]|  [] 
 []


Overfull \hbox (1.23772pt too wide) in paragraph at lines 966--966
[]\T1/ntxtlf/m/n/12 3230| 
 []


Overfull \hbox (1.23772pt too wide) in paragraph at lines 966--966
[]\T1/ntxtlf/m/n/12 3169| 
 []


Overfull \hbox (1.23772pt too wide) in paragraph at lines 966--966
[]\T1/ntxtlf/m/n/12 1154| 
 []


Overfull \hbox (1.23772pt too wide) in paragraph at lines 966--966
[]\T1/ntxtlf/m/n/12 1104| 
 []


Overfull \hbox (1.23772pt too wide) in paragraph at lines 966--966
[]\T1/ntxtlf/m/n/12 1210| 
 []


Overfull \hbox (1.23772pt too wide) in paragraph at lines 966--966
[]\T1/ntxtlf/m/n/12 1176| 
 []


Overfull \hbox (45.9811pt too wide) in paragraph at lines 944--969
[][] 
 []

[37 <./mergegreen.png>] [38 <./mergevolumes.png>] [39] [40]
<imflowsaturation.png, id=654, 540.51938pt x 284.56313pt>
File: imflowsaturation.png Graphic file (type png)

<use imflowsaturation.png>
Package pdftex.def Info: imflowsaturation.png used on input line 995.
(pdftex.def)             Requested size: 200.50038pt x 113.8102pt.

<imanalystsaturation.png, id=655, 722.7pt x 433.62pt>
File: imanalystsaturation.png Graphic file (type png)

<use imanalystsaturation.png>
Package pdftex.def Info: imanalystsaturation.png used on input line 999.
(pdftex.def)             Requested size: 200.502pt x 113.81041pt.

Overfull \hbox (12.00238pt too wide) in paragraph at lines 995--999
 [][][] 
 []

[41 <./imflowsaturation.png> <./imanalystsaturation.png>]
<planvolume.png, id=665, 441.3288pt x 293.4162pt>
File: planvolume.png Graphic file (type png)
 <use planvolume.png>
Package pdftex.def Info: planvolume.png used on input line 1021.
(pdftex.def)             Requested size: 481.19878pt x 319.93372pt.

Overfull \hbox (45.86371pt too wide) in paragraph at lines 1020--1022
[]|  [] 
 []

[42 <./planvolume.png>] <b1.png, id=679, 650.43pt x 433.62pt>
File: b1.png Graphic file (type png)
 <use b1.png>
Package pdftex.def Info: b1.png used on input line 1043.
(pdftex.def)             Requested size: 160.39755pt x 106.92924pt.

<b2.png, id=680, 650.43pt x 433.62pt>
File: b2.png Graphic file (type png)
 <use b2.png>
Package pdftex.def Info: b2.png used on input line 1047.
(pdftex.def)             Requested size: 160.39755pt x 106.92924pt.

<c1.png, id=681, 650.43pt x 433.62pt>
File: c1.png Graphic file (type png)
 <use c1.png>
Package pdftex.def Info: c1.png used on input line 1051.
(pdftex.def)             Requested size: 160.39755pt x 106.92924pt.

<c2.png, id=682, 650.43pt x 433.62pt>
File: c2.png Graphic file (type png)
 <use c2.png>
Package pdftex.def Info: c2.png used on input line 1055.
(pdftex.def)             Requested size: 160.39755pt x 106.92924pt.

<greentre209.png, id=683, 650.43pt x 433.62pt>
File: greentre209.png Graphic file (type png)
 <use greentre209.png>
Package pdftex.def Info: greentre209.png used on input line 1071.
(pdftex.def)             Requested size: 200.49979pt x 142.26135pt.

<Volumetre209.png, id=684, 650.43pt x 433.62pt>
File: Volumetre209.png Graphic file (type png)
 <use Volumetre209.png>
Package pdftex.def Info: Volumetre209.png used on input line 1075.
(pdftex.def)             Requested size: 200.49979pt x 142.26135pt.

Overfull \hbox (11.99957pt too wide) in paragraph at lines 1071--1075
 [][][] 
 []

[43 <./b1.png> <./b2.png> <./c1.png> <./c2.png>] [44 <./greentre209.png> <./Vol
umetre209.png>]
Chapter 5.
[45

]
Chapter 6.
[46

]
Chapter 7.
(./thesis-template.bbl [47

] [48]
LaTeX Font Info:    Font shape `T1/ntxtlf/m/it' will be
(Font)              scaled to size 10.95pt on input line 14.
LaTeX Font Info:    Font shape `T1/ntxtlf/m/n' will be
(Font)              scaled to size 8.0pt on input line 33.
LaTeX Font Info:    Font shape `T1/ntxtlf/m/n' will be
(Font)              scaled to size 6.1pt on input line 33.
LaTeX Font Info:    Font shape `T1/ntxtlf/b/n' will be
(Font)              scaled to size 8.0pt on input line 33.
LaTeX Font Info:    Font shape `T1/ntxtlf/b/n' will be
(Font)              scaled to size 6.1pt on input line 33.
LaTeX Font Info:    Font shape `TS1/ntxtlf/m/n' will be
(Font)              scaled to size 10.95pt on input line 37.
 [49

])
Package atveryend Info: Empty hook `BeforeClearDocument' on input line 1143.
 [50]
Package atveryend Info: Empty hook `AfterLastShipout' on input line 1143.
 (./thesis-template.aux)
Package atveryend Info: Executing hook `AtVeryEndDocument' on input line 1143.
Package atveryend Info: Executing hook `AtEndAfterFileList' on input line 1143.

Package rerunfilecheck Info: File `thesis-template.out' has not changed.
(rerunfilecheck)             Checksum: 17122F4686453064ABEEF3021FAC6DB8;2685.


LaTeX Warning: There were multiply-defined labels.

 ) 
Here is how much of TeX's memory you used:
 13137 strings out of 493089
 192143 string characters out of 6134841
 414091 words of memory out of 5000000
 16164 multiletter control sequences out of 15000+600000
 99776 words of font info for 136 fonts, out of 8000000 for 9000
 1141 hyphenation exceptions out of 8191
 53i,9n,92p,1559b,591s stack positions out of 5000i,500n,10000p,200000b,80000s
{/usr/local/texlive/2015/texmf-dist/fonts/enc/dvips/tex-gyre/q-ts1.enc}{/usr/
local/texlive/2015/texmf-dist/fonts/enc/dvips/base/8r.enc}{/usr/local/texlive/2
015/texmf-dist/fonts/enc/dvips/newtx/ntx-ec-tlf.enc}</usr/local/texlive/2015/te
xmf-dist/fonts/type1/public/tex-gyre/qtmb.pfb></usr/local/texlive/2015/texmf-di
st/fonts/type1/public/tex-gyre/qtmr.pfb></usr/local/texlive/2015/texmf-dist/fon
ts/type1/public/tex-gyre/qtmri.pfb></usr/local/texlive/2015/texmf-dist/fonts/ty
pe1/public/newtx/rntxmi.pfb></usr/local/texlive/2015/texmf-dist/fonts/type1/pub
lic/txfonts/rtxmi.pfb></usr/local/texlive/2015/texmf-dist/fonts/type1/public/tx
fonts/rtxr.pfb></usr/local/texlive/2015/texmf-dist/fonts/type1/public/txfonts/t
1xtt.pfb></usr/local/texlive/2015/texmf-dist/fonts/type1/public/txfonts/txex.pf
b></usr/local/texlive/2015/texmf-dist/fonts/type1/public/txfonts/txsy.pfb></usr
/local/texlive/2015/texmf-dist/fonts/type1/urw/times/utmr8a.pfb></usr/local/tex
live/2015/texmf-dist/fonts/type1/urw/times/utmri8a.pfb>
Output written on thesis-template.pdf (50 pages, 2263134 bytes).
PDF statistics:
 827 PDF objects out of 1000 (max. 8388607)
 699 compressed objects within 7 object streams
 170 named destinations out of 1000 (max. 500000)
 473 words of extra memory for PDF output out of 10000 (max. 10000000)

